2018-01-25 21:34:44  [ main:1429 ] - [ ERROR ]  org.apache.ibatis.exceptions.PersistenceException: 
### Error updating database.  Cause: com.mysql.jdbc.exceptions.jdbc4.MySQLSyntaxErrorException: You have an error in your SQL syntax; check the manual that corresponds to your MySQL server version for the right syntax to use near 'userCode='2018-01-25 21:34:43'' at line 9
### The error may involve com.vic.dao.user.UserMapper.modifyTestIfAndSet-Inline
### The error occurred while setting parameters
### SQL: UPDATE smbms_user          SET userCode=?                                                                                           userCode=?
### Cause: com.mysql.jdbc.exceptions.jdbc4.MySQLSyntaxErrorException: You have an error in your SQL syntax; check the manual that corresponds to your MySQL server version for the right syntax to use near 'userCode='2018-01-25 21:34:43'' at line 9
2018-01-25 21:36:47  [ main:1315 ] - [ ERROR ]  org.apache.ibatis.exceptions.PersistenceException: 
### Error updating database.  Cause: com.mysql.jdbc.exceptions.jdbc4.MySQLSyntaxErrorException: You have an error in your SQL syntax; check the manual that corresponds to your MySQL server version for the right syntax to use near 'userCode='2018-01-25 21:36:46' 
        WHERE id=null' at line 9
### The error may involve com.vic.dao.user.UserMapper.modifyTestIfAndSet-Inline
### The error occurred while setting parameters
### SQL: UPDATE smbms_user          SET userCode=?                                                                                           userCode=?          WHERE id=?
### Cause: com.mysql.jdbc.exceptions.jdbc4.MySQLSyntaxErrorException: You have an error in your SQL syntax; check the manual that corresponds to your MySQL server version for the right syntax to use near 'userCode='2018-01-25 21:36:46' 
        WHERE id=null' at line 9
2018-01-25 21:37:24  [ main:1098 ] - [ ERROR ]  org.apache.ibatis.exceptions.PersistenceException: 
### Error updating database.  Cause: com.mysql.jdbc.exceptions.jdbc4.MySQLSyntaxErrorException: You have an error in your SQL syntax; check the manual that corresponds to your MySQL server version for the right syntax to use near 'userCode='2018-01-25 21:37:23' 
        WHERE id=15' at line 9
### The error may involve com.vic.dao.user.UserMapper.modifyTestIfAndSet-Inline
### The error occurred while setting parameters
### SQL: UPDATE smbms_user          SET userCode=?                                                                                           userCode=?          WHERE id=?
### Cause: com.mysql.jdbc.exceptions.jdbc4.MySQLSyntaxErrorException: You have an error in your SQL syntax; check the manual that corresponds to your MySQL server version for the right syntax to use near 'userCode='2018-01-25 21:37:23' 
        WHERE id=15' at line 9
2018-01-25 21:39:29  [ main:1168 ] - [ ERROR ]  org.apache.ibatis.exceptions.PersistenceException: 
### Error updating database.  Cause: com.mysql.jdbc.exceptions.jdbc4.MySQLSyntaxErrorException: You have an error in your SQL syntax; check the manual that corresponds to your MySQL server version for the right syntax to use near 'modifyDate='2018-01-25 21:39:28' 
        WHERE id=15' at line 9
### The error may involve com.vic.dao.user.UserMapper.modifyTestIfAndSet-Inline
### The error occurred while setting parameters
### SQL: UPDATE smbms_user          SET userPassword=?                                                                                           modifyDate=?          WHERE id=?
### Cause: com.mysql.jdbc.exceptions.jdbc4.MySQLSyntaxErrorException: You have an error in your SQL syntax; check the manual that corresponds to your MySQL server version for the right syntax to use near 'modifyDate='2018-01-25 21:39:28' 
        WHERE id=15' at line 9
